Testsuite: banking.primitive.core.AccountServerTest
Tests run: 5, Failures: 3, Errors: 0, Skipped: 0, Time elapsed: 0.951 sec
------------- Standard Output ---------------
Reading from file accounts.ser...
------------- ---------------- ---------------

Testcase: testNewAccountBalance took 0.003 sec
Testcase: testNewAccountType took 0.01 sec
	FAILED
Expected exception: java.lang.IllegalArgumentException
junit.framework.AssertionFailedError: Expected exception: java.lang.IllegalArgumentException

Testcase: testNewAccountDuplicate took 0 sec
Testcase: testNewAccount took 0.001 sec
	FAILED
failed to add new acocunts
junit.framework.AssertionFailedError: failed to add new acocunts
	at banking.primitive.core.AccountServerTest.testNewAccount(Unknown Source)

Testcase: testGetAccount took 0.001 sec
	FAILED
null
junit.framework.AssertionFailedError
	at banking.primitive.core.AccountServerTest.testGetAccount(Unknown Source)

